<?xml version="1.0" encoding="utf-8"?><testsuites name="pytest tests"><testsuite name="pytest" errors="0" failures="0" skipped="0" tests="15" time="77.502" timestamp="2026-09-09T05:14:42.159529+00:00" hostname="agent-env-887a2504-827c-460d-b409-f15dc9807da8"><testcase classname="tests.backend_test" name="test_root" time="0.241" /><testcase classname="tests.backend_test" name="test_ai_ideate" time="3.713" /><testcase classname="tests.backend_test" name="test_ai_write" time="1.442" /><testcase classname="tests.backend_test" name="test_ai_repurpose" time="4.330" /><testcase classname="tests.backend_test" name="test_ai_generate_image_and_poll" time="65.405" /><testcase classname="tests.backend_test" name="test_ai_generate_video_submit" time="0.266" /><testcase classname="tests.backend_test" name="test_ai_generate_music_submit" time="0.249" /><testcase classname="tests.backend_test" name="test_post_create_and_get" time="0.329" /><testcase classname="tests.backend_test" name="test_posts_list" time="0.090" /><testcase classname="tests.backend_test" name="test_posts_update_to_scheduled" time="0.133" /><testcase classname="tests.backend_test" name="test_posts_filter_scheduled" time="0.074" /><testcase classname="tests.backend_test" name="test_post_404" time="0.217" /><testcase classname="tests.backend_test" name="test_post_delete_and_verify" time="0.233" /><testcase classname="tests.backend_test" name="test_stats" time="0.065" /><testcase classname="tests.backend_test" name="test_media_list" time="0.134" /></testsuite></testsuites>