<?xml version="1.0" encoding="utf-8"?><testsuites name="pytest tests"><testsuite name="pytest" errors="0" failures="0" skipped="0" tests="5" time="16.338" timestamp="2026-09-09T05:37:45.263683+00:00" hostname="agent-env-887a2504-827c-460d-b409-f15dc9807da8"><testcase classname="tests.test_visuals" name="test_visual_quote" time="3.483" /><testcase classname="tests.test_visuals" name="test_visual_tweet" time="3.431" /><testcase classname="tests.test_visuals" name="test_visual_infographic" time="1.611" /><testcase classname="tests.test_visuals" name="test_visual_carousel" time="4.448" /><testcase classname="tests.test_visuals" name="test_visual_slideshow" time="2.846" /></testsuite></testsuites>